<?xml version="1.0" encoding="UTF-8"?>
<!-- Generated by org.testng.reporters.JUnitReportReporter -->
<testsuite hostname="NB-RAJESHM-OSX.local" name="TestPackage.TestFile" tests="1" failures="0" timestamp="7 Jun 2018 00:32:32 GMT" time="0.021" errors="0">
  <testcase name="test" time="0.021" classname="TestPackage.TestFile"/>
</testsuite> <!-- TestPackage.TestFile -->
